<?xml version="1.0" encoding="UTF-8"?>
<!-- Generated by org.testng.reporters.JUnitXMLReporter -->
<testsuite hostname="Keerthi" ignored="0" name="Login test" tests="7" failures="0" timestamp="2021-12-27T11:58:19 IST" time="72.445" errors="0">
  <testcase name="loginPageTitleOfPageTest" time="0.01" classname="com.crm.qa.testcases.LoginPageTest"/>
  <testcase name="loginPageLaunchLandingpageTest" time="1.426" classname="com.crm.qa.testcases.LoginPageTest"/>
  <testcase name="loginPageLoginTest" time="6.079" classname="com.crm.qa.testcases.LoginPageTest"/>
  <testcase name="clickContactsLinkTest" time="9.332" classname="com.crm.qa.testcases.ContactsPageTest"/>
  <testcase name="homePageLoginTest" time="8.047" classname="com.crm.qa.testcases.HomePageTest"/>
  <testcase name="homePageContactsTest" time="7.015" classname="com.crm.qa.testcases.HomePageTest"/>
  <testcase name="homePageCalendarTest" time="7.794" classname="com.crm.qa.testcases.HomePageTest"/>
</testsuite> <!-- Login test -->
