<?xml version="1.0" encoding="UTF-8"?>
<!-- Generated by org.testng.reporters.JUnitXMLReporter -->
<testsuite hostname="Keerthi" ignored="0" name="Default test" tests="3" failures="0" timestamp="2022-01-10T14:03:59 IST" time="23.917" errors="0">
  <testcase name="loginPageTitleOfPageTest" time="0.014" classname="com.crm.qa.testcases.LoginPageTest"/>
  <testcase name="loginPageLaunchLandingpageTest" time="2.172" classname="com.crm.qa.testcases.LoginPageTest"/>
  <testcase name="loginPageLoginTest" time="7.482" classname="com.crm.qa.testcases.LoginPageTest"/>
</testsuite> <!-- Default test -->
